# JRE version: Java(TM) SE Runtime Environment (15.0.2+7) (build 15.0.2+7-27)
# Java VM: Java HotSpot(TM) 64-Bit Server VM (15.0.2+7-27, mixed mode, sharing, tiered, compressed oops, g1 gc, bsd-amd64)
GC Precious Log:
 CPUs: 8 total, 8 available
 Memory: 8192M
 Large Page Support: Disabled
 NUMA Support: Disabled
 Compressed Oops: Enabled (Zero based)
 Heap Region Size: 1M
 Heap Min Capacity: 8M
 Heap Initial Capacity: 8M
 Heap Max Capacity: 2G
 Pre-touch: Disabled
 Parallel Workers: 8
 Concurrent Workers: 2
 Concurrent Refinement Workers: 8
 Periodic GC: Disabled
Heap:
 garbage-first heap   total 15360K, used 6315K [0x0000000780000000, 0x0000000800000000)
  region size 1024K, 2 young (2048K), 1 survivors (1024K)
 Metaspace       used 8962K, capacity 11434K, committed 11648K, reserved 1058816K
  class space    used 1065K, capacity 1298K, committed 1408K, reserved 1048576K
GC Heap History (20 events):
Event: 0.520 GC heap before
{Heap before GC invocations=5 (full 0):
 garbage-first heap   total 10240K, used 2866K [0x0000000780000000, 0x0000000800000000)
  region size 1024K, 2 young (2048K), 1 survivors (1024K)
 Metaspace       used 8015K, capacity 10866K, committed 11264K, reserved 1058816K
  class space    used 955K, capacity 1194K, committed 1280K, reserved 1048576K
}
Event: 0.521 GC heap after
{Heap after GC invocations=6 (full 0):
 garbage-first heap   total 10240K, used 3064K [0x0000000780000000, 0x0000000800000000)
  region size 1024K, 1 young (1024K), 1 survivors (1024K)
 Metaspace       used 8015K, capacity 10866K, committed 11264K, reserved 1058816K
  class space    used 955K, capacity 1194K, committed 1280K, reserved 1048576K
}
Event: 0.579 GC heap before
{Heap before GC invocations=7 (full 0):
 garbage-first heap   total 10240K, used 4088K [0x0000000780000000, 0x0000000800000000)
  region size 1024K, 2 young (2048K), 1 survivors (1024K)
 Metaspace       used 8082K, capacity 10869K, committed 11264K, reserved 1058816K
  class space    used 960K, capacity 1195K, committed 1280K, reserved 1048576K
}
Event: 0.581 GC heap after
{Heap after GC invocations=8 (full 0):
 garbage-first heap   total 12288K, used 3682K [0x0000000780000000, 0x0000000800000000)
  region size 1024K, 1 young (1024K), 1 survivors (1024K)
 Metaspace       used 8082K, capacity 10869K, committed 11264K, reserved 1058816K
  class space    used 960K, capacity 1195K, committed 1280K, reserved 1048576K
}
Event: 0.646 GC heap before
{Heap before GC invocations=8 (full 0):
 garbage-first heap   total 12288K, used 5730K [0x0000000780000000, 0x0000000800000000)
  region size 1024K, 3 young (3072K), 1 survivors (1024K)
 Metaspace       used 8278K, capacity 10971K, committed 11264K, reserved 1058816K
  class space    used 983K, capacity 1229K, committed 1280K, reserved 1048576K
}
Event: 0.648 GC heap after
{Heap after GC invocations=9 (full 0):
 garbage-first heap   total 12288K, used 4076K [0x0000000780000000, 0x0000000800000000)
  region size 1024K, 1 young (1024K), 1 survivors (1024K)
 Metaspace       used 8278K, capacity 10971K, committed 11264K, reserved 1058816K
  class space    used 983K, capacity 1229K, committed 1280K, reserved 1048576K
}
Event: 0.657 GC heap before
{Heap before GC invocations=9 (full 0):
 garbage-first heap   total 12288K, used 5100K [0x0000000780000000, 0x0000000800000000)
  region size 1024K, 2 young (2048K), 1 survivors (1024K)
 Metaspace       used 8296K, capacity 10971K, committed 11264K, reserved 1058816K
  class space    used 983K, capacity 1229K, committed 1280K, reserved 1048576K
}
Event: 0.657 GC heap after
{Heap after GC invocations=10 (full 0):
 garbage-first heap   total 12288K, used 4136K [0x0000000780000000, 0x0000000800000000)
  region size 1024K, 1 young (1024K), 1 survivors (1024K)
 Metaspace       used 8296K, capacity 10971K, committed 11264K, reserved 1058816K
  class space    used 983K, capacity 1229K, committed 1280K, reserved 1048576K
}
Event: 0.700 GC heap before
{Heap before GC invocations=10 (full 0):
 garbage-first heap   total 12288K, used 5160K [0x0000000780000000, 0x0000000800000000)
  region size 1024K, 2 young (2048K), 1 survivors (1024K)
 Metaspace       used 8393K, capacity 11038K, committed 11264K, reserved 1058816K
  class space    used 992K, capacity 1230K, committed 1280K, reserved 1048576K
}
Event: 0.701 GC heap after
{Heap after GC invocations=11 (full 0):
 garbage-first heap   total 12288K, used 4229K [0x0000000780000000, 0x0000000800000000)
  region size 1024K, 1 young (1024K), 1 survivors (1024K)
 Metaspace       used 8393K, capacity 11038K, committed 11264K, reserved 1058816K
  class space    used 992K, capacity 1230K, committed 1280K, reserved 1048576K
}
Event: 0.718 GC heap before
{Heap before GC invocations=11 (full 0):
 garbage-first heap   total 12288K, used 6277K [0x0000000780000000, 0x0000000800000000)
  region size 1024K, 3 young (3072K), 1 survivors (1024K)
 Metaspace       used 8413K, capacity 11038K, committed 11264K, reserved 1058816K
  class space    used 992K, capacity 1230K, committed 1280K, reserved 1048576K
}
Event: 0.719 GC heap after
{Heap after GC invocations=12 (full 0):
 garbage-first heap   total 12288K, used 4593K [0x0000000780000000, 0x0000000800000000)
  region size 1024K, 1 young (1024K), 1 survivors (1024K)
 Metaspace       used 8413K, capacity 11038K, committed 11264K, reserved 1058816K
  class space    used 992K, capacity 1230K, committed 1280K, reserved 1048576K
}
Event: 0.723 GC heap before
{Heap before GC invocations=12 (full 0):
 garbage-first heap   total 12288K, used 5617K [0x0000000780000000, 0x0000000800000000)
  region size 1024K, 2 young (2048K), 1 survivors (1024K)
 Metaspace       used 8413K, capacity 11038K, committed 11264K, reserved 1058816K
  class space    used 992K, capacity 1230K, committed 1280K, reserved 1048576K
}
Event: 0.724 GC heap after
{Heap after GC invocations=13 (full 0):
 garbage-first heap   total 15360K, used 4754K [0x0000000780000000, 0x0000000800000000)
  region size 1024K, 1 young (1024K), 1 survivors (1024K)
 Metaspace       used 8413K, capacity 11038K, committed 11264K, reserved 1058816K
  class space    used 992K, capacity 1230K, committed 1280K, reserved 1048576K
}
Event: 0.764 GC heap before
{Heap before GC invocations=14 (full 0):
 garbage-first heap   total 15360K, used 7826K [0x0000000780000000, 0x0000000800000000)
  region size 1024K, 4 young (4096K), 1 survivors (1024K)
 Metaspace       used 8422K, capacity 11038K, committed 11264K, reserved 1058816K
  class space    used 992K, capacity 1230K, committed 1280K, reserved 1048576K
}
Event: 0.765 GC heap after
{Heap after GC invocations=15 (full 0):
 garbage-first heap   total 15360K, used 5048K [0x0000000780000000, 0x0000000800000000)
  region size 1024K, 1 young (1024K), 1 survivors (1024K)
 Metaspace       used 8422K, capacity 11038K, committed 11264K, reserved 1058816K
  class space    used 992K, capacity 1230K, committed 1280K, reserved 1048576K
}
Event: 0.827 GC heap before
{Heap before GC invocations=15 (full 0):
 garbage-first heap   total 15360K, used 8120K [0x0000000780000000, 0x0000000800000000)
  region size 1024K, 4 young (4096K), 1 survivors (1024K)
 Metaspace       used 8623K, capacity 11207K, committed 11520K, reserved 1058816K
  class space    used 1017K, capacity 1265K, committed 1280K, reserved 1048576K
}
Event: 0.829 GC heap after
{Heap after GC invocations=16 (full 0):
 garbage-first heap   total 15360K, used 5629K [0x0000000780000000, 0x0000000800000000)
  region size 1024K, 1 young (1024K), 1 survivors (1024K)
 Metaspace       used 8623K, capacity 11207K, committed 11520K, reserved 1058816K
  class space    used 1017K, capacity 1265K, committed 1280K, reserved 1048576K
}
Event: 0.869 GC heap before
{Heap before GC invocations=16 (full 0):
 garbage-first heap   total 15360K, used 8701K [0x0000000780000000, 0x0000000800000000)
  region size 1024K, 4 young (4096K), 1 survivors (1024K)
 Metaspace       used 8775K, capacity 11335K, committed 11520K, reserved 1058816K
  class space    used 1032K, capacity 1265K, committed 1280K, reserved 1048576K
}
Event: 0.870 GC heap after
{Heap after GC invocations=17 (full 0):
 garbage-first heap   total 15360K, used 6315K [0x0000000780000000, 0x0000000800000000)
  region size 1024K, 1 young (1024K), 1 survivors (1024K)
 Metaspace       used 8775K, capacity 11335K, committed 11520K, reserved 1058816K
  class space    used 1032K, capacity 1265K, committed 1280K, reserved 1048576K
}

