# JRE version: Java(TM) SE Runtime Environment (15.0.2+7) (build 15.0.2+7-27)
# Java VM: Java HotSpot(TM) 64-Bit Server VM (15.0.2+7-27, mixed mode, sharing, tiered, compressed oops, g1 gc, bsd-amd64)
GC Precious Log:
 CPUs: 8 total, 8 available
 Memory: 8192M
 Large Page Support: Disabled
 NUMA Support: Disabled
 Compressed Oops: Enabled (Zero based)
 Heap Region Size: 1M
 Heap Min Capacity: 8M
 Heap Initial Capacity: 8M
 Heap Max Capacity: 2G
 Pre-touch: Disabled
 Parallel Workers: 8
 Concurrent Workers: 2
 Concurrent Refinement Workers: 8
 Periodic GC: Disabled
Heap:
 garbage-first heap   total 15360K, used 6399K [0x0000000780000000, 0x0000000800000000)
  region size 1024K, 2 young (2048K), 1 survivors (1024K)
 Metaspace       used 8976K, capacity 11434K, committed 11648K, reserved 1058816K
  class space    used 1066K, capacity 1298K, committed 1408K, reserved 1048576K
GC Heap History (20 events):
Event: 0.760 GC heap before
{Heap before GC invocations=4 (full 0):
 garbage-first heap   total 10240K, used 3565K [0x0000000780000000, 0x0000000800000000)
  region size 1024K, 2 young (2048K), 1 survivors (1024K)
 Metaspace       used 7743K, capacity 10726K, committed 11008K, reserved 1058816K
  class space    used 924K, capacity 1190K, committed 1280K, reserved 1048576K
}
Event: 0.761 GC heap after
{Heap after GC invocations=5 (full 0):
 garbage-first heap   total 10240K, used 2867K [0x0000000780000000, 0x0000000800000000)
  region size 1024K, 1 young (1024K), 1 survivors (1024K)
 Metaspace       used 7743K, capacity 10726K, committed 11008K, reserved 1058816K
  class space    used 924K, capacity 1190K, committed 1280K, reserved 1048576K
}
Event: 0.834 GC heap before
{Heap before GC invocations=5 (full 0):
 garbage-first heap   total 10240K, used 3891K [0x0000000780000000, 0x0000000800000000)
  region size 1024K, 2 young (2048K), 1 survivors (1024K)
 Metaspace       used 8018K, capacity 10866K, committed 11008K, reserved 1058816K
  class space    used 955K, capacity 1194K, committed 1280K, reserved 1048576K
}
Event: 0.836 GC heap after
{Heap after GC invocations=6 (full 0):
 garbage-first heap   total 10240K, used 3076K [0x0000000780000000, 0x0000000800000000)
  region size 1024K, 1 young (1024K), 1 survivors (1024K)
 Metaspace       used 8018K, capacity 10866K, committed 11008K, reserved 1058816K
  class space    used 955K, capacity 1194K, committed 1280K, reserved 1048576K
}
Event: 0.932 GC heap before
{Heap before GC invocations=7 (full 0):
 garbage-first heap   total 10240K, used 4100K [0x0000000780000000, 0x0000000800000000)
  region size 1024K, 2 young (2048K), 1 survivors (1024K)
 Metaspace       used 8079K, capacity 10869K, committed 11008K, reserved 1058816K
  class space    used 960K, capacity 1195K, committed 1280K, reserved 1048576K
}
Event: 0.935 GC heap after
{Heap after GC invocations=8 (full 0):
 garbage-first heap   total 12288K, used 3663K [0x0000000780000000, 0x0000000800000000)
  region size 1024K, 1 young (1024K), 1 survivors (1024K)
 Metaspace       used 8079K, capacity 10869K, committed 11008K, reserved 1058816K
  class space    used 960K, capacity 1195K, committed 1280K, reserved 1048576K
}
Event: 1.092 GC heap before
{Heap before GC invocations=8 (full 0):
 garbage-first heap   total 12288K, used 5711K [0x0000000780000000, 0x0000000800000000)
  region size 1024K, 3 young (3072K), 1 survivors (1024K)
 Metaspace       used 8280K, capacity 10971K, committed 11264K, reserved 1058816K
  class space    used 983K, capacity 1229K, committed 1280K, reserved 1048576K
}
Event: 1.095 GC heap after
{Heap after GC invocations=9 (full 0):
 garbage-first heap   total 12288K, used 4077K [0x0000000780000000, 0x0000000800000000)
  region size 1024K, 1 young (1024K), 1 survivors (1024K)
 Metaspace       used 8280K, capacity 10971K, committed 11264K, reserved 1058816K
  class space    used 983K, capacity 1229K, committed 1280K, reserved 1048576K
}
Event: 1.135 GC heap before
{Heap before GC invocations=9 (full 0):
 garbage-first heap   total 12288K, used 5101K [0x0000000780000000, 0x0000000800000000)
  region size 1024K, 2 young (2048K), 1 survivors (1024K)
 Metaspace       used 8295K, capacity 10971K, committed 11264K, reserved 1058816K
  class space    used 983K, capacity 1229K, committed 1280K, reserved 1048576K
}
Event: 1.139 GC heap after
{Heap after GC invocations=10 (full 0):
 garbage-first heap   total 12288K, used 4126K [0x0000000780000000, 0x0000000800000000)
  region size 1024K, 1 young (1024K), 1 survivors (1024K)
 Metaspace       used 8295K, capacity 10971K, committed 11264K, reserved 1058816K
  class space    used 983K, capacity 1229K, committed 1280K, reserved 1048576K
}
Event: 1.234 GC heap before
{Heap before GC invocations=10 (full 0):
 garbage-first heap   total 12288K, used 5150K [0x0000000780000000, 0x0000000800000000)
  region size 1024K, 2 young (2048K), 1 survivors (1024K)
 Metaspace       used 8389K, capacity 11038K, committed 11264K, reserved 1058816K
  class space    used 992K, capacity 1230K, committed 1280K, reserved 1048576K
}
Event: 1.237 GC heap after
{Heap after GC invocations=11 (full 0):
 garbage-first heap   total 12288K, used 4214K [0x0000000780000000, 0x0000000800000000)
  region size 1024K, 1 young (1024K), 1 survivors (1024K)
 Metaspace       used 8389K, capacity 11038K, committed 11264K, reserved 1058816K
  class space    used 992K, capacity 1230K, committed 1280K, reserved 1048576K
}
Event: 1.284 GC heap before
{Heap before GC invocations=11 (full 0):
 garbage-first heap   total 12288K, used 6262K [0x0000000780000000, 0x0000000800000000)
  region size 1024K, 3 young (3072K), 1 survivors (1024K)
 Metaspace       used 8408K, capacity 11038K, committed 11264K, reserved 1058816K
  class space    used 992K, capacity 1230K, committed 1280K, reserved 1048576K
}
Event: 1.286 GC heap after
{Heap after GC invocations=12 (full 0):
 garbage-first heap   total 15360K, used 4579K [0x0000000780000000, 0x0000000800000000)
  region size 1024K, 1 young (1024K), 1 survivors (1024K)
 Metaspace       used 8408K, capacity 11038K, committed 11264K, reserved 1058816K
  class space    used 992K, capacity 1230K, committed 1280K, reserved 1048576K
}
Event: 1.334 GC heap before
{Heap before GC invocations=12 (full 0):
 garbage-first heap   total 15360K, used 7651K [0x0000000780000000, 0x0000000800000000)
  region size 1024K, 4 young (4096K), 1 survivors (1024K)
 Metaspace       used 8420K, capacity 11038K, committed 11264K, reserved 1058816K
  class space    used 992K, capacity 1230K, committed 1280K, reserved 1048576K
}
Event: 1.335 GC heap after
{Heap after GC invocations=13 (full 0):
 garbage-first heap   total 15360K, used 5043K [0x0000000780000000, 0x0000000800000000)
  region size 1024K, 1 young (1024K), 1 survivors (1024K)
 Metaspace       used 8420K, capacity 11038K, committed 11264K, reserved 1058816K
  class space    used 992K, capacity 1230K, committed 1280K, reserved 1048576K
}
Event: 1.459 GC heap before
{Heap before GC invocations=13 (full 0):
 garbage-first heap   total 15360K, used 8115K [0x0000000780000000, 0x0000000800000000)
  region size 1024K, 4 young (4096K), 1 survivors (1024K)
 Metaspace       used 8617K, capacity 11207K, committed 11264K, reserved 1058816K
  class space    used 1014K, capacity 1265K, committed 1280K, reserved 1048576K
}
Event: 1.461 GC heap after
{Heap after GC invocations=14 (full 0):
 garbage-first heap   total 15360K, used 5574K [0x0000000780000000, 0x0000000800000000)
  region size 1024K, 1 young (1024K), 1 survivors (1024K)
 Metaspace       used 8617K, capacity 11207K, committed 11264K, reserved 1058816K
  class space    used 1014K, capacity 1265K, committed 1280K, reserved 1048576K
}
Event: 1.561 GC heap before
{Heap before GC invocations=14 (full 0):
 garbage-first heap   total 15360K, used 8646K [0x0000000780000000, 0x0000000800000000)
  region size 1024K, 4 young (4096K), 1 survivors (1024K)
 Metaspace       used 8786K, capacity 11335K, committed 11520K, reserved 1058816K
  class space    used 1033K, capacity 1265K, committed 1280K, reserved 1048576K
}
Event: 1.564 GC heap after
{Heap after GC invocations=15 (full 0):
 garbage-first heap   total 15360K, used 6399K [0x0000000780000000, 0x0000000800000000)
  region size 1024K, 1 young (1024K), 1 survivors (1024K)
 Metaspace       used 8786K, capacity 11335K, committed 11520K, reserved 1058816K
  class space    used 1033K, capacity 1265K, committed 1280K, reserved 1048576K
}

