# JRE version: Java(TM) SE Runtime Environment (15.0.2+7) (build 15.0.2+7-27)
# Java VM: Java HotSpot(TM) 64-Bit Server VM (15.0.2+7-27, mixed mode, sharing, tiered, compressed oops, g1 gc, bsd-amd64)
GC Precious Log:
 CPUs: 8 total, 8 available
 Memory: 8192M
 Large Page Support: Disabled
 NUMA Support: Disabled
 Compressed Oops: Enabled (Zero based)
 Heap Region Size: 1M
 Heap Min Capacity: 8M
 Heap Initial Capacity: 8M
 Heap Max Capacity: 2G
 Pre-touch: Disabled
 Parallel Workers: 8
 Concurrent Workers: 2
 Concurrent Refinement Workers: 8
 Periodic GC: Disabled
Heap:
 garbage-first heap   total 15360K, used 6387K [0x0000000780000000, 0x0000000800000000)
  region size 1024K, 2 young (2048K), 1 survivors (1024K)
 Metaspace       used 8977K, capacity 11434K, committed 11648K, reserved 1058816K
  class space    used 1068K, capacity 1298K, committed 1408K, reserved 1048576K
GC Heap History (20 events):
Event: 0.503 GC heap before
{Heap before GC invocations=4 (full 0):
 garbage-first heap   total 10240K, used 3538K [0x0000000780000000, 0x0000000800000000)
  region size 1024K, 2 young (2048K), 1 survivors (1024K)
 Metaspace       used 7757K, capacity 10726K, committed 11008K, reserved 1058816K
  class space    used 925K, capacity 1190K, committed 1280K, reserved 1048576K
}
Event: 0.505 GC heap after
{Heap after GC invocations=5 (full 0):
 garbage-first heap   total 10240K, used 2879K [0x0000000780000000, 0x0000000800000000)
  region size 1024K, 1 young (1024K), 1 survivors (1024K)
 Metaspace       used 7757K, capacity 10726K, committed 11008K, reserved 1058816K
  class space    used 925K, capacity 1190K, committed 1280K, reserved 1048576K
}
Event: 0.549 GC heap before
{Heap before GC invocations=5 (full 0):
 garbage-first heap   total 10240K, used 3903K [0x0000000780000000, 0x0000000800000000)
  region size 1024K, 2 young (2048K), 1 survivors (1024K)
 Metaspace       used 8019K, capacity 10866K, committed 11264K, reserved 1058816K
  class space    used 954K, capacity 1194K, committed 1280K, reserved 1048576K
}
Event: 0.550 GC heap after
{Heap after GC invocations=6 (full 0):
 garbage-first heap   total 10240K, used 3066K [0x0000000780000000, 0x0000000800000000)
  region size 1024K, 1 young (1024K), 1 survivors (1024K)
 Metaspace       used 8019K, capacity 10866K, committed 11264K, reserved 1058816K
  class space    used 954K, capacity 1194K, committed 1280K, reserved 1048576K
}
Event: 0.609 GC heap before
{Heap before GC invocations=7 (full 0):
 garbage-first heap   total 10240K, used 4090K [0x0000000780000000, 0x0000000800000000)
  region size 1024K, 2 young (2048K), 1 survivors (1024K)
 Metaspace       used 8101K, capacity 10869K, committed 11264K, reserved 1058816K
  class space    used 961K, capacity 1195K, committed 1280K, reserved 1048576K
}
Event: 0.611 GC heap after
{Heap after GC invocations=8 (full 0):
 garbage-first heap   total 12288K, used 3602K [0x0000000780000000, 0x0000000800000000)
  region size 1024K, 1 young (1024K), 1 survivors (1024K)
 Metaspace       used 8101K, capacity 10869K, committed 11264K, reserved 1058816K
  class space    used 961K, capacity 1195K, committed 1280K, reserved 1048576K
}
Event: 0.674 GC heap before
{Heap before GC invocations=8 (full 0):
 garbage-first heap   total 12288K, used 5650K [0x0000000780000000, 0x0000000800000000)
  region size 1024K, 3 young (3072K), 1 survivors (1024K)
 Metaspace       used 8300K, capacity 10971K, committed 11264K, reserved 1058816K
  class space    used 984K, capacity 1229K, committed 1280K, reserved 1048576K
}
Event: 0.676 GC heap after
{Heap after GC invocations=9 (full 0):
 garbage-first heap   total 12288K, used 4130K [0x0000000780000000, 0x0000000800000000)
  region size 1024K, 1 young (1024K), 1 survivors (1024K)
 Metaspace       used 8300K, capacity 10971K, committed 11264K, reserved 1058816K
  class space    used 984K, capacity 1229K, committed 1280K, reserved 1048576K
}
Event: 0.689 GC heap before
{Heap before GC invocations=9 (full 0):
 garbage-first heap   total 12288K, used 5154K [0x0000000780000000, 0x0000000800000000)
  region size 1024K, 2 young (2048K), 1 survivors (1024K)
 Metaspace       used 8314K, capacity 10971K, committed 11264K, reserved 1058816K
  class space    used 984K, capacity 1229K, committed 1280K, reserved 1048576K
}
Event: 0.689 GC heap after
{Heap after GC invocations=10 (full 0):
 garbage-first heap   total 12288K, used 4125K [0x0000000780000000, 0x0000000800000000)
  region size 1024K, 1 young (1024K), 1 survivors (1024K)
 Metaspace       used 8314K, capacity 10971K, committed 11264K, reserved 1058816K
  class space    used 984K, capacity 1229K, committed 1280K, reserved 1048576K
}
Event: 0.740 GC heap before
{Heap before GC invocations=10 (full 0):
 garbage-first heap   total 12288K, used 5149K [0x0000000780000000, 0x0000000800000000)
  region size 1024K, 2 young (2048K), 1 survivors (1024K)
 Metaspace       used 8407K, capacity 11038K, committed 11264K, reserved 1058816K
  class space    used 993K, capacity 1230K, committed 1280K, reserved 1048576K
}
Event: 0.741 GC heap after
{Heap after GC invocations=11 (full 0):
 garbage-first heap   total 12288K, used 4219K [0x0000000780000000, 0x0000000800000000)
  region size 1024K, 1 young (1024K), 1 survivors (1024K)
 Metaspace       used 8407K, capacity 11038K, committed 11264K, reserved 1058816K
  class space    used 993K, capacity 1230K, committed 1280K, reserved 1048576K
}
Event: 0.754 GC heap before
{Heap before GC invocations=11 (full 0):
 garbage-first heap   total 12288K, used 6267K [0x0000000780000000, 0x0000000800000000)
  region size 1024K, 3 young (3072K), 1 survivors (1024K)
 Metaspace       used 8425K, capacity 11038K, committed 11264K, reserved 1058816K
  class space    used 993K, capacity 1230K, committed 1280K, reserved 1048576K
}
Event: 0.755 GC heap after
{Heap after GC invocations=12 (full 0):
 garbage-first heap   total 15360K, used 4643K [0x0000000780000000, 0x0000000800000000)
  region size 1024K, 1 young (1024K), 1 survivors (1024K)
 Metaspace       used 8425K, capacity 11038K, committed 11264K, reserved 1058816K
  class space    used 993K, capacity 1230K, committed 1280K, reserved 1048576K
}
Event: 0.784 GC heap before
{Heap before GC invocations=12 (full 0):
 garbage-first heap   total 15360K, used 7715K [0x0000000780000000, 0x0000000800000000)
  region size 1024K, 4 young (4096K), 1 survivors (1024K)
 Metaspace       used 8436K, capacity 11038K, committed 11264K, reserved 1058816K
  class space    used 993K, capacity 1230K, committed 1280K, reserved 1048576K
}
Event: 0.785 GC heap after
{Heap after GC invocations=13 (full 0):
 garbage-first heap   total 15360K, used 5024K [0x0000000780000000, 0x0000000800000000)
  region size 1024K, 1 young (1024K), 1 survivors (1024K)
 Metaspace       used 8436K, capacity 11038K, committed 11264K, reserved 1058816K
  class space    used 993K, capacity 1230K, committed 1280K, reserved 1048576K
}
Event: 0.842 GC heap before
{Heap before GC invocations=13 (full 0):
 garbage-first heap   total 15360K, used 8096K [0x0000000780000000, 0x0000000800000000)
  region size 1024K, 4 young (4096K), 1 survivors (1024K)
 Metaspace       used 8627K, capacity 11207K, committed 11520K, reserved 1058816K
  class space    used 1016K, capacity 1265K, committed 1280K, reserved 1048576K
}
Event: 0.843 GC heap after
{Heap after GC invocations=14 (full 0):
 garbage-first heap   total 15360K, used 5556K [0x0000000780000000, 0x0000000800000000)
  region size 1024K, 1 young (1024K), 1 survivors (1024K)
 Metaspace       used 8627K, capacity 11207K, committed 11520K, reserved 1058816K
  class space    used 1016K, capacity 1265K, committed 1280K, reserved 1048576K
}
Event: 0.879 GC heap before
{Heap before GC invocations=14 (full 0):
 garbage-first heap   total 15360K, used 8628K [0x0000000780000000, 0x0000000800000000)
  region size 1024K, 4 young (4096K), 1 survivors (1024K)
 Metaspace       used 8791K, capacity 11335K, committed 11520K, reserved 1058816K
  class space    used 1034K, capacity 1265K, committed 1280K, reserved 1048576K
}
Event: 0.881 GC heap after
{Heap after GC invocations=15 (full 0):
 garbage-first heap   total 15360K, used 6387K [0x0000000780000000, 0x0000000800000000)
  region size 1024K, 1 young (1024K), 1 survivors (1024K)
 Metaspace       used 8791K, capacity 11335K, committed 11520K, reserved 1058816K
  class space    used 1034K, capacity 1265K, committed 1280K, reserved 1048576K
}

